[0.009s] Invoking command in '/home/abdur-rahman/ros2_ws2/build/my_robot_bringup': CMAKE_PREFIX_PATH=${CMAKE_PREFIX_PATH}:/home/abdur-rahman/ros2_ws/install/turtlesim_catch_them_all:/home/abdur-rahman/ros2_ws/install/my_py_pkg:/opt/ros/jazzy DEBUGINFOD_URLS=https://debuginfod.ubuntu.com /usr/bin/cmake --build /home/abdur-rahman/ros2_ws2/build/my_robot_bringup -- -j8 -l8
[0.037s] Invoked command in '/home/abdur-rahman/ros2_ws2/build/my_robot_bringup' returned '0': CMAKE_PREFIX_PATH=${CMAKE_PREFIX_PATH}:/home/abdur-rahman/ros2_ws/install/turtlesim_catch_them_all:/home/abdur-rahman/ros2_ws/install/my_py_pkg:/opt/ros/jazzy DEBUGINFOD_URLS=https://debuginfod.ubuntu.com /usr/bin/cmake --build /home/abdur-rahman/ros2_ws2/build/my_robot_bringup -- -j8 -l8
[0.044s] Invoking command in '/home/abdur-rahman/ros2_ws2/build/my_robot_bringup': CMAKE_PREFIX_PATH=${CMAKE_PREFIX_PATH}:/home/abdur-rahman/ros2_ws/install/turtlesim_catch_them_all:/home/abdur-rahman/ros2_ws/install/my_py_pkg:/opt/ros/jazzy DEBUGINFOD_URLS=https://debuginfod.ubuntu.com /usr/bin/cmake --install /home/abdur-rahman/ros2_ws2/build/my_robot_bringup
[0.049s] -- Install configuration: ""
[0.049s] -- Up-to-date: /home/abdur-rahman/ros2_ws2/install/my_robot_bringup/share/my_robot_bringup//launch
[0.049s] -- Installing: /home/abdur-rahman/ros2_ws2/install/my_robot_bringup/share/my_robot_bringup//launch/my_robot_gazebo.launch.xml
[0.050s] -- Up-to-date: /home/abdur-rahman/ros2_ws2/install/my_robot_bringup/share/ament_index/resource_index/package_run_dependencies/my_robot_bringup
[0.050s] -- Up-to-date: /home/abdur-rahman/ros2_ws2/install/my_robot_bringup/share/ament_index/resource_index/parent_prefix_path/my_robot_bringup
[0.050s] -- Up-to-date: /home/abdur-rahman/ros2_ws2/install/my_robot_bringup/share/my_robot_bringup/environment/ament_prefix_path.sh
[0.050s] -- Up-to-date: /home/abdur-rahman/ros2_ws2/install/my_robot_bringup/share/my_robot_bringup/environment/ament_prefix_path.dsv
[0.050s] -- Up-to-date: /home/abdur-rahman/ros2_ws2/install/my_robot_bringup/share/my_robot_bringup/environment/path.sh
[0.050s] -- Up-to-date: /home/abdur-rahman/ros2_ws2/install/my_robot_bringup/share/my_robot_bringup/environment/path.dsv
[0.050s] -- Up-to-date: /home/abdur-rahman/ros2_ws2/install/my_robot_bringup/share/my_robot_bringup/local_setup.bash
[0.050s] -- Up-to-date: /home/abdur-rahman/ros2_ws2/install/my_robot_bringup/share/my_robot_bringup/local_setup.sh
[0.050s] -- Up-to-date: /home/abdur-rahman/ros2_ws2/install/my_robot_bringup/share/my_robot_bringup/local_setup.zsh
[0.050s] -- Up-to-date: /home/abdur-rahman/ros2_ws2/install/my_robot_bringup/share/my_robot_bringup/local_setup.dsv
[0.050s] -- Installing: /home/abdur-rahman/ros2_ws2/install/my_robot_bringup/share/my_robot_bringup/package.dsv
[0.051s] -- Up-to-date: /home/abdur-rahman/ros2_ws2/install/my_robot_bringup/share/ament_index/resource_index/packages/my_robot_bringup
[0.051s] -- Up-to-date: /home/abdur-rahman/ros2_ws2/install/my_robot_bringup/share/my_robot_bringup/cmake/my_robot_bringupConfig.cmake
[0.051s] -- Up-to-date: /home/abdur-rahman/ros2_ws2/install/my_robot_bringup/share/my_robot_bringup/cmake/my_robot_bringupConfig-version.cmake
[0.051s] -- Up-to-date: /home/abdur-rahman/ros2_ws2/install/my_robot_bringup/share/my_robot_bringup/package.xml
[0.052s] Invoked command in '/home/abdur-rahman/ros2_ws2/build/my_robot_bringup' returned '0': CMAKE_PREFIX_PATH=${CMAKE_PREFIX_PATH}:/home/abdur-rahman/ros2_ws/install/turtlesim_catch_them_all:/home/abdur-rahman/ros2_ws/install/my_py_pkg:/opt/ros/jazzy DEBUGINFOD_URLS=https://debuginfod.ubuntu.com /usr/bin/cmake --install /home/abdur-rahman/ros2_ws2/build/my_robot_bringup
