[0.010s] Invoking command in '/home/abdur-rahman/ros2_ws2/build/my_robot_bringup': CMAKE_PREFIX_PATH=${CMAKE_PREFIX_PATH}:/home/abdur-rahman/ros2_ws/install/turtlesim_catch_them_all:/home/abdur-rahman/ros2_ws/install/my_py_pkg:/opt/ros/jazzy DEBUGINFOD_URLS=https://debuginfod.ubuntu.com /usr/bin/cmake /home/abdur-rahman/ros2_ws2/src/my_robot_bringup -DCMAKE_INSTALL_PREFIX=/home/abdur-rahman/ros2_ws2/install/my_robot_bringup
[0.089s] -- The C compiler identification is GNU 13.3.0
[0.138s] -- The CXX compiler identification is GNU 13.3.0
[0.151s] -- Detecting C compiler ABI info
[0.217s] -- Detecting C compiler ABI info - done
[0.225s] -- Check for working C compiler: /usr/bin/cc - skipped
[0.226s] -- Detecting C compile features
[0.227s] -- Detecting C compile features - done
[0.233s] -- Detecting CXX compiler ABI info
[0.304s] -- Detecting CXX compiler ABI info - done
[0.311s] -- Check for working CXX compiler: /usr/bin/c++ - skipped
[0.311s] -- Detecting CXX compile features
[0.312s] -- Detecting CXX compile features - done
[0.331s] -- Found ament_cmake: 2.5.3 (/opt/ros/jazzy/share/ament_cmake/cmake)
[0.446s] -- Found Python3: /usr/bin/python3 (found version "3.12.3") found components: Interpreter 
[0.532s] -- Found ament_lint_auto: 0.17.2 (/opt/ros/jazzy/share/ament_lint_auto/cmake)
[0.624s] -- Added test 'lint_cmake' to check CMake code style
[0.626s] -- Added test 'xmllint' to check XML markup files
[0.627s] -- Configuring done (0.6s)
[0.628s] -- Generating done (0.0s)
[0.630s] -- Build files have been written to: /home/abdur-rahman/ros2_ws2/build/my_robot_bringup
[0.633s] Invoked command in '/home/abdur-rahman/ros2_ws2/build/my_robot_bringup' returned '0': CMAKE_PREFIX_PATH=${CMAKE_PREFIX_PATH}:/home/abdur-rahman/ros2_ws/install/turtlesim_catch_them_all:/home/abdur-rahman/ros2_ws/install/my_py_pkg:/opt/ros/jazzy DEBUGINFOD_URLS=https://debuginfod.ubuntu.com /usr/bin/cmake /home/abdur-rahman/ros2_ws2/src/my_robot_bringup -DCMAKE_INSTALL_PREFIX=/home/abdur-rahman/ros2_ws2/install/my_robot_bringup
[0.633s] Invoking command in '/home/abdur-rahman/ros2_ws2/build/my_robot_bringup': CMAKE_PREFIX_PATH=${CMAKE_PREFIX_PATH}:/home/abdur-rahman/ros2_ws/install/turtlesim_catch_them_all:/home/abdur-rahman/ros2_ws/install/my_py_pkg:/opt/ros/jazzy DEBUGINFOD_URLS=https://debuginfod.ubuntu.com /usr/bin/cmake --build /home/abdur-rahman/ros2_ws2/build/my_robot_bringup -- -j8 -l8
[0.664s] Invoked command in '/home/abdur-rahman/ros2_ws2/build/my_robot_bringup' returned '0': CMAKE_PREFIX_PATH=${CMAKE_PREFIX_PATH}:/home/abdur-rahman/ros2_ws/install/turtlesim_catch_them_all:/home/abdur-rahman/ros2_ws/install/my_py_pkg:/opt/ros/jazzy DEBUGINFOD_URLS=https://debuginfod.ubuntu.com /usr/bin/cmake --build /home/abdur-rahman/ros2_ws2/build/my_robot_bringup -- -j8 -l8
[0.665s] Invoking command in '/home/abdur-rahman/ros2_ws2/build/my_robot_bringup': CMAKE_PREFIX_PATH=${CMAKE_PREFIX_PATH}:/home/abdur-rahman/ros2_ws/install/turtlesim_catch_them_all:/home/abdur-rahman/ros2_ws/install/my_py_pkg:/opt/ros/jazzy DEBUGINFOD_URLS=https://debuginfod.ubuntu.com /usr/bin/cmake --install /home/abdur-rahman/ros2_ws2/build/my_robot_bringup
[0.671s] -- Install configuration: ""
[0.671s] -- Installing: /home/abdur-rahman/ros2_ws2/install/my_robot_bringup/share/ament_index/resource_index/package_run_dependencies/my_robot_bringup
[0.671s] -- Installing: /home/abdur-rahman/ros2_ws2/install/my_robot_bringup/share/ament_index/resource_index/parent_prefix_path/my_robot_bringup
[0.671s] -- Installing: /home/abdur-rahman/ros2_ws2/install/my_robot_bringup/share/my_robot_bringup/environment/ament_prefix_path.sh
[0.671s] -- Installing: /home/abdur-rahman/ros2_ws2/install/my_robot_bringup/share/my_robot_bringup/environment/ament_prefix_path.dsv
[0.671s] -- Installing: /home/abdur-rahman/ros2_ws2/install/my_robot_bringup/share/my_robot_bringup/environment/path.sh
[0.671s] -- Installing: /home/abdur-rahman/ros2_ws2/install/my_robot_bringup/share/my_robot_bringup/environment/path.dsv
[0.671s] -- Installing: /home/abdur-rahman/ros2_ws2/install/my_robot_bringup/share/my_robot_bringup/local_setup.bash
[0.671s] -- Installing: /home/abdur-rahman/ros2_ws2/install/my_robot_bringup/share/my_robot_bringup/local_setup.sh
[0.671s] -- Installing: /home/abdur-rahman/ros2_ws2/install/my_robot_bringup/share/my_robot_bringup/local_setup.zsh
[0.671s] -- Installing: /home/abdur-rahman/ros2_ws2/install/my_robot_bringup/share/my_robot_bringup/local_setup.dsv
[0.671s] -- Installing: /home/abdur-rahman/ros2_ws2/install/my_robot_bringup/share/my_robot_bringup/package.dsv
[0.671s] -- Installing: /home/abdur-rahman/ros2_ws2/install/my_robot_bringup/share/ament_index/resource_index/packages/my_robot_bringup
[0.671s] -- Installing: /home/abdur-rahman/ros2_ws2/install/my_robot_bringup/share/my_robot_bringup/cmake/my_robot_bringupConfig.cmake
[0.671s] -- Installing: /home/abdur-rahman/ros2_ws2/install/my_robot_bringup/share/my_robot_bringup/cmake/my_robot_bringupConfig-version.cmake
[0.672s] -- Installing: /home/abdur-rahman/ros2_ws2/install/my_robot_bringup/share/my_robot_bringup/package.xml
[0.673s] Invoked command in '/home/abdur-rahman/ros2_ws2/build/my_robot_bringup' returned '0': CMAKE_PREFIX_PATH=${CMAKE_PREFIX_PATH}:/home/abdur-rahman/ros2_ws/install/turtlesim_catch_them_all:/home/abdur-rahman/ros2_ws/install/my_py_pkg:/opt/ros/jazzy DEBUGINFOD_URLS=https://debuginfod.ubuntu.com /usr/bin/cmake --install /home/abdur-rahman/ros2_ws2/build/my_robot_bringup
