[0.008s] Invoking command in '/home/abdur-rahman/ros2_ws2/build/my_robot_description': CMAKE_PREFIX_PATH=${CMAKE_PREFIX_PATH}:/home/abdur-rahman/ros2_ws/install/turtlesim_catch_them_all:/home/abdur-rahman/ros2_ws/install/my_py_pkg:/opt/ros/jazzy DEBUGINFOD_URLS=https://debuginfod.ubuntu.com /usr/bin/cmake --build /home/abdur-rahman/ros2_ws2/build/my_robot_description -- -j8 -l8
[0.035s] Invoked command in '/home/abdur-rahman/ros2_ws2/build/my_robot_description' returned '0': CMAKE_PREFIX_PATH=${CMAKE_PREFIX_PATH}:/home/abdur-rahman/ros2_ws/install/turtlesim_catch_them_all:/home/abdur-rahman/ros2_ws/install/my_py_pkg:/opt/ros/jazzy DEBUGINFOD_URLS=https://debuginfod.ubuntu.com /usr/bin/cmake --build /home/abdur-rahman/ros2_ws2/build/my_robot_description -- -j8 -l8
[0.042s] Invoking command in '/home/abdur-rahman/ros2_ws2/build/my_robot_description': CMAKE_PREFIX_PATH=${CMAKE_PREFIX_PATH}:/home/abdur-rahman/ros2_ws/install/turtlesim_catch_them_all:/home/abdur-rahman/ros2_ws/install/my_py_pkg:/opt/ros/jazzy DEBUGINFOD_URLS=https://debuginfod.ubuntu.com /usr/bin/cmake --install /home/abdur-rahman/ros2_ws2/build/my_robot_description
[0.048s] -- Install configuration: ""
[0.048s] -- Up-to-date: /home/abdur-rahman/ros2_ws2/install/my_robot_description/share/my_robot_description//urdf
[0.048s] -- Installing: /home/abdur-rahman/ros2_ws2/install/my_robot_description/share/my_robot_description//urdf/my_robot.urdf.xacro
[0.048s] -- Up-to-date: /home/abdur-rahman/ros2_ws2/install/my_robot_description/share/my_robot_description//launch
[0.048s] -- Installing: /home/abdur-rahman/ros2_ws2/install/my_robot_description/share/my_robot_description//launch/display.launch.py
[0.048s] -- Installing: /home/abdur-rahman/ros2_ws2/install/my_robot_description/share/my_robot_description//launch/display.launch.xml
[0.049s] -- Up-to-date: /home/abdur-rahman/ros2_ws2/install/my_robot_description/share/my_robot_description//rviz
[0.049s] -- Up-to-date: /home/abdur-rahman/ros2_ws2/install/my_robot_description/share/my_robot_description//rviz/urdf_config.rviz
[0.049s] -- Up-to-date: /home/abdur-rahman/ros2_ws2/install/my_robot_description/share/ament_index/resource_index/package_run_dependencies/my_robot_description
[0.049s] -- Up-to-date: /home/abdur-rahman/ros2_ws2/install/my_robot_description/share/ament_index/resource_index/parent_prefix_path/my_robot_description
[0.049s] -- Up-to-date: /home/abdur-rahman/ros2_ws2/install/my_robot_description/share/my_robot_description/environment/ament_prefix_path.sh
[0.049s] -- Up-to-date: /home/abdur-rahman/ros2_ws2/install/my_robot_description/share/my_robot_description/environment/ament_prefix_path.dsv
[0.049s] -- Up-to-date: /home/abdur-rahman/ros2_ws2/install/my_robot_description/share/my_robot_description/environment/path.sh
[0.049s] -- Up-to-date: /home/abdur-rahman/ros2_ws2/install/my_robot_description/share/my_robot_description/environment/path.dsv
[0.049s] -- Up-to-date: /home/abdur-rahman/ros2_ws2/install/my_robot_description/share/my_robot_description/local_setup.bash
[0.049s] -- Up-to-date: /home/abdur-rahman/ros2_ws2/install/my_robot_description/share/my_robot_description/local_setup.sh
[0.049s] -- Up-to-date: /home/abdur-rahman/ros2_ws2/install/my_robot_description/share/my_robot_description/local_setup.zsh
[0.049s] -- Up-to-date: /home/abdur-rahman/ros2_ws2/install/my_robot_description/share/my_robot_description/local_setup.dsv
[0.049s] -- Installing: /home/abdur-rahman/ros2_ws2/install/my_robot_description/share/my_robot_description/package.dsv
[0.049s] -- Up-to-date: /home/abdur-rahman/ros2_ws2/install/my_robot_description/share/ament_index/resource_index/packages/my_robot_description
[0.049s] -- Up-to-date: /home/abdur-rahman/ros2_ws2/install/my_robot_description/share/my_robot_description/cmake/my_robot_descriptionConfig.cmake
[0.049s] -- Up-to-date: /home/abdur-rahman/ros2_ws2/install/my_robot_description/share/my_robot_description/cmake/my_robot_descriptionConfig-version.cmake
[0.049s] -- Up-to-date: /home/abdur-rahman/ros2_ws2/install/my_robot_description/share/my_robot_description/package.xml
[0.050s] Invoked command in '/home/abdur-rahman/ros2_ws2/build/my_robot_description' returned '0': CMAKE_PREFIX_PATH=${CMAKE_PREFIX_PATH}:/home/abdur-rahman/ros2_ws/install/turtlesim_catch_them_all:/home/abdur-rahman/ros2_ws/install/my_py_pkg:/opt/ros/jazzy DEBUGINFOD_URLS=https://debuginfod.ubuntu.com /usr/bin/cmake --install /home/abdur-rahman/ros2_ws2/build/my_robot_description
