[0.010s] Invoking command in '/home/abdur-rahman/ros2_ws2/build/my_robot_description': CMAKE_PREFIX_PATH=${CMAKE_PREFIX_PATH}:/home/abdur-rahman/ros2_ws/install/turtlesim_catch_them_all:/home/abdur-rahman/ros2_ws/install/my_py_pkg:/opt/ros/jazzy DEBUGINFOD_URLS=https://debuginfod.ubuntu.com /usr/bin/cmake --build /home/abdur-rahman/ros2_ws2/build/my_robot_description -- -j8 -l8
[0.033s] -- Found ament_cmake: 2.5.3 (/opt/ros/jazzy/share/ament_cmake/cmake)
[0.460s] -- Configuring done (0.4s)
[0.463s] -- Generating done (0.0s)
[0.464s] -- Build files have been written to: /home/abdur-rahman/ros2_ws2/build/my_robot_description
[0.484s] Invoked command in '/home/abdur-rahman/ros2_ws2/build/my_robot_description' returned '0': CMAKE_PREFIX_PATH=${CMAKE_PREFIX_PATH}:/home/abdur-rahman/ros2_ws/install/turtlesim_catch_them_all:/home/abdur-rahman/ros2_ws/install/my_py_pkg:/opt/ros/jazzy DEBUGINFOD_URLS=https://debuginfod.ubuntu.com /usr/bin/cmake --build /home/abdur-rahman/ros2_ws2/build/my_robot_description -- -j8 -l8
[0.493s] Invoking command in '/home/abdur-rahman/ros2_ws2/build/my_robot_description': CMAKE_PREFIX_PATH=${CMAKE_PREFIX_PATH}:/home/abdur-rahman/ros2_ws/install/turtlesim_catch_them_all:/home/abdur-rahman/ros2_ws/install/my_py_pkg:/opt/ros/jazzy DEBUGINFOD_URLS=https://debuginfod.ubuntu.com /usr/bin/cmake --install /home/abdur-rahman/ros2_ws2/build/my_robot_description
[0.504s] -- Install configuration: ""
[0.504s] -- Up-to-date: /home/abdur-rahman/ros2_ws2/install/my_robot_description/share/my_robot_description//urdf
[0.504s] -- Up-to-date: /home/abdur-rahman/ros2_ws2/install/my_robot_description/share/my_robot_description//urdf/my_robot.urdf
[0.504s] -- Up-to-date: /home/abdur-rahman/ros2_ws2/install/my_robot_description/share/my_robot_description//launch
[0.504s] -- Up-to-date: /home/abdur-rahman/ros2_ws2/install/my_robot_description/share/my_robot_description//launch/display.launch.py
[0.504s] -- Installing: /home/abdur-rahman/ros2_ws2/install/my_robot_description/share/my_robot_description//launch/display.launch.xml
[0.505s] -- Installing: /home/abdur-rahman/ros2_ws2/install/my_robot_description/share/my_robot_description//rviz
[0.505s] -- Installing: /home/abdur-rahman/ros2_ws2/install/my_robot_description/share/my_robot_description//rviz/urdf_config.rviz
[0.505s] -- Up-to-date: /home/abdur-rahman/ros2_ws2/install/my_robot_description/share/ament_index/resource_index/package_run_dependencies/my_robot_description
[0.505s] -- Up-to-date: /home/abdur-rahman/ros2_ws2/install/my_robot_description/share/ament_index/resource_index/parent_prefix_path/my_robot_description
[0.505s] -- Up-to-date: /home/abdur-rahman/ros2_ws2/install/my_robot_description/share/my_robot_description/environment/ament_prefix_path.sh
[0.505s] -- Up-to-date: /home/abdur-rahman/ros2_ws2/install/my_robot_description/share/my_robot_description/environment/ament_prefix_path.dsv
[0.505s] -- Up-to-date: /home/abdur-rahman/ros2_ws2/install/my_robot_description/share/my_robot_description/environment/path.sh
[0.505s] -- Up-to-date: /home/abdur-rahman/ros2_ws2/install/my_robot_description/share/my_robot_description/environment/path.dsv
[0.506s] -- Up-to-date: /home/abdur-rahman/ros2_ws2/install/my_robot_description/share/my_robot_description/local_setup.bash
[0.506s] -- Up-to-date: /home/abdur-rahman/ros2_ws2/install/my_robot_description/share/my_robot_description/local_setup.sh
[0.506s] -- Up-to-date: /home/abdur-rahman/ros2_ws2/install/my_robot_description/share/my_robot_description/local_setup.zsh
[0.506s] -- Up-to-date: /home/abdur-rahman/ros2_ws2/install/my_robot_description/share/my_robot_description/local_setup.dsv
[0.506s] -- Installing: /home/abdur-rahman/ros2_ws2/install/my_robot_description/share/my_robot_description/package.dsv
[0.506s] -- Up-to-date: /home/abdur-rahman/ros2_ws2/install/my_robot_description/share/ament_index/resource_index/packages/my_robot_description
[0.506s] -- Up-to-date: /home/abdur-rahman/ros2_ws2/install/my_robot_description/share/my_robot_description/cmake/my_robot_descriptionConfig.cmake
[0.506s] -- Up-to-date: /home/abdur-rahman/ros2_ws2/install/my_robot_description/share/my_robot_description/cmake/my_robot_descriptionConfig-version.cmake
[0.506s] -- Up-to-date: /home/abdur-rahman/ros2_ws2/install/my_robot_description/share/my_robot_description/package.xml
[0.508s] Invoked command in '/home/abdur-rahman/ros2_ws2/build/my_robot_description' returned '0': CMAKE_PREFIX_PATH=${CMAKE_PREFIX_PATH}:/home/abdur-rahman/ros2_ws/install/turtlesim_catch_them_all:/home/abdur-rahman/ros2_ws/install/my_py_pkg:/opt/ros/jazzy DEBUGINFOD_URLS=https://debuginfod.ubuntu.com /usr/bin/cmake --install /home/abdur-rahman/ros2_ws2/build/my_robot_description
