[0.113s] DEBUG:colcon:Command line arguments: ['/usr/bin/colcon', 'list', '-p', '--base-paths', '/home/abdur-rahman/ros2_ws2']
[0.113s] DEBUG:colcon:Parsed command line arguments: Namespace(log_base=None, log_level=None, verb_name='list', build_base='build', ignore_user_meta=False, metas=['./colcon.meta'], base_paths=['/home/abdur-rahman/ros2_ws2'], packages_ignore=None, packages_ignore_regex=None, paths=None, packages_up_to=None, packages_up_to_regex=None, packages_above=None, packages_above_and_dependencies=None, packages_above_depth=None, packages_select_by_dep=None, packages_skip_by_dep=None, packages_skip_up_to=None, packages_select_build_failed=False, packages_skip_build_finished=False, packages_select_test_failures=False, packages_skip_test_passed=False, packages_select=None, packages_skip=None, packages_select_regex=None, packages_skip_regex=None, packages_start=None, packages_end=None, allow_overriding=[], topological_order=False, names_only=False, paths_only=True, topological_graph=False, topological_graph_dot=False, topological_graph_density=False, topological_graph_legend=False, topological_graph_dot_cluster=False, topological_graph_dot_include_skipped=False, mixin_files=None, mixin=None, verb_parser=<colcon_mixin.mixin.mixin_argument.MixinArgumentDecorator object at 0x74968f47b0e0>, verb_extension=<colcon_package_information.verb.list.ListVerb object at 0x74968f5ba390>, main=<bound method ListVerb.main of <colcon_package_information.verb.list.ListVerb object at 0x74968f5ba390>>, mixin_verb=('list',))
[0.151s] Level 1:colcon.colcon_core.package_discovery:discover_packages(colcon_meta) check parameters
[0.151s] Level 1:colcon.colcon_core.package_discovery:discover_packages(recursive) check parameters
[0.151s] Level 1:colcon.colcon_core.package_discovery:discover_packages(ignore) check parameters
[0.151s] Level 1:colcon.colcon_core.package_discovery:discover_packages(path) check parameters
[0.151s] Level 1:colcon.colcon_core.package_discovery:discover_packages(recursive) discover
[0.151s] INFO:colcon.colcon_core.package_discovery:Crawling recursively for packages in '/home/abdur-rahman/ros2_ws2'
[0.151s] Level 1:colcon.colcon_core.package_identification:_identify(/home/abdur-rahman/ros2_ws2) by extensions ['ignore', 'ignore_ament_install']
[0.151s] Level 1:colcon.colcon_core.package_identification:_identify(/home/abdur-rahman/ros2_ws2) by extension 'ignore'
[0.151s] Level 1:colcon.colcon_core.package_identification:_identify(/home/abdur-rahman/ros2_ws2) by extension 'ignore_ament_install'
[0.152s] Level 1:colcon.colcon_core.package_identification:_identify(/home/abdur-rahman/ros2_ws2) by extensions ['colcon_pkg']
[0.152s] Level 1:colcon.colcon_core.package_identification:_identify(/home/abdur-rahman/ros2_ws2) by extension 'colcon_pkg'
[0.152s] Level 1:colcon.colcon_core.package_identification:_identify(/home/abdur-rahman/ros2_ws2) by extensions ['colcon_meta']
[0.152s] Level 1:colcon.colcon_core.package_identification:_identify(/home/abdur-rahman/ros2_ws2) by extension 'colcon_meta'
[0.152s] Level 1:colcon.colcon_core.package_identification:_identify(/home/abdur-rahman/ros2_ws2) by extensions ['ros']
[0.152s] Level 1:colcon.colcon_core.package_identification:_identify(/home/abdur-rahman/ros2_ws2) by extension 'ros'
[0.177s] Level 1:colcon.colcon_core.package_identification:_identify(/home/abdur-rahman/ros2_ws2) by extensions ['cmake', 'python']
[0.177s] Level 1:colcon.colcon_core.package_identification:_identify(/home/abdur-rahman/ros2_ws2) by extension 'cmake'
[0.177s] Level 1:colcon.colcon_core.package_identification:_identify(/home/abdur-rahman/ros2_ws2) by extension 'python'
[0.177s] Level 1:colcon.colcon_core.package_identification:_identify(/home/abdur-rahman/ros2_ws2) by extensions ['python_setup_py']
[0.177s] Level 1:colcon.colcon_core.package_identification:_identify(/home/abdur-rahman/ros2_ws2) by extension 'python_setup_py'
[0.177s] Level 1:colcon.colcon_core.package_identification:_identify(/home/abdur-rahman/ros2_ws2/build) by extensions ['ignore', 'ignore_ament_install']
[0.177s] Level 1:colcon.colcon_core.package_identification:_identify(/home/abdur-rahman/ros2_ws2/build) by extension 'ignore'
[0.177s] Level 1:colcon.colcon_core.package_identification:_identify(/home/abdur-rahman/ros2_ws2/build) ignored
[0.178s] Level 1:colcon.colcon_core.package_identification:_identify(/home/abdur-rahman/ros2_ws2/install) by extensions ['ignore', 'ignore_ament_install']
[0.178s] Level 1:colcon.colcon_core.package_identification:_identify(/home/abdur-rahman/ros2_ws2/install) by extension 'ignore'
[0.178s] Level 1:colcon.colcon_core.package_identification:_identify(/home/abdur-rahman/ros2_ws2/install) ignored
[0.178s] Level 1:colcon.colcon_core.package_identification:_identify(/home/abdur-rahman/ros2_ws2/log) by extensions ['ignore', 'ignore_ament_install']
[0.178s] Level 1:colcon.colcon_core.package_identification:_identify(/home/abdur-rahman/ros2_ws2/log) by extension 'ignore'
[0.178s] Level 1:colcon.colcon_core.package_identification:_identify(/home/abdur-rahman/ros2_ws2/log) ignored
[0.178s] Level 1:colcon.colcon_core.package_identification:_identify(/home/abdur-rahman/ros2_ws2/src) by extensions ['ignore', 'ignore_ament_install']
[0.178s] Level 1:colcon.colcon_core.package_identification:_identify(/home/abdur-rahman/ros2_ws2/src) by extension 'ignore'
[0.178s] Level 1:colcon.colcon_core.package_identification:_identify(/home/abdur-rahman/ros2_ws2/src) by extension 'ignore_ament_install'
[0.178s] Level 1:colcon.colcon_core.package_identification:_identify(/home/abdur-rahman/ros2_ws2/src) by extensions ['colcon_pkg']
[0.178s] Level 1:colcon.colcon_core.package_identification:_identify(/home/abdur-rahman/ros2_ws2/src) by extension 'colcon_pkg'
[0.178s] Level 1:colcon.colcon_core.package_identification:_identify(/home/abdur-rahman/ros2_ws2/src) by extensions ['colcon_meta']
[0.178s] Level 1:colcon.colcon_core.package_identification:_identify(/home/abdur-rahman/ros2_ws2/src) by extension 'colcon_meta'
[0.178s] Level 1:colcon.colcon_core.package_identification:_identify(/home/abdur-rahman/ros2_ws2/src) by extensions ['ros']
[0.178s] Level 1:colcon.colcon_core.package_identification:_identify(/home/abdur-rahman/ros2_ws2/src) by extension 'ros'
[0.178s] Level 1:colcon.colcon_core.package_identification:_identify(/home/abdur-rahman/ros2_ws2/src) by extensions ['cmake', 'python']
[0.178s] Level 1:colcon.colcon_core.package_identification:_identify(/home/abdur-rahman/ros2_ws2/src) by extension 'cmake'
[0.178s] Level 1:colcon.colcon_core.package_identification:_identify(/home/abdur-rahman/ros2_ws2/src) by extension 'python'
[0.178s] Level 1:colcon.colcon_core.package_identification:_identify(/home/abdur-rahman/ros2_ws2/src) by extensions ['python_setup_py']
[0.178s] Level 1:colcon.colcon_core.package_identification:_identify(/home/abdur-rahman/ros2_ws2/src) by extension 'python_setup_py'
[0.179s] Level 1:colcon.colcon_core.package_identification:_identify(/home/abdur-rahman/ros2_ws2/src/my_robot_description) by extensions ['ignore', 'ignore_ament_install']
[0.179s] Level 1:colcon.colcon_core.package_identification:_identify(/home/abdur-rahman/ros2_ws2/src/my_robot_description) by extension 'ignore'
[0.179s] Level 1:colcon.colcon_core.package_identification:_identify(/home/abdur-rahman/ros2_ws2/src/my_robot_description) by extension 'ignore_ament_install'
[0.179s] Level 1:colcon.colcon_core.package_identification:_identify(/home/abdur-rahman/ros2_ws2/src/my_robot_description) by extensions ['colcon_pkg']
[0.179s] Level 1:colcon.colcon_core.package_identification:_identify(/home/abdur-rahman/ros2_ws2/src/my_robot_description) by extension 'colcon_pkg'
[0.179s] Level 1:colcon.colcon_core.package_identification:_identify(/home/abdur-rahman/ros2_ws2/src/my_robot_description) by extensions ['colcon_meta']
[0.179s] Level 1:colcon.colcon_core.package_identification:_identify(/home/abdur-rahman/ros2_ws2/src/my_robot_description) by extension 'colcon_meta'
[0.179s] Level 1:colcon.colcon_core.package_identification:_identify(/home/abdur-rahman/ros2_ws2/src/my_robot_description) by extensions ['ros']
[0.179s] Level 1:colcon.colcon_core.package_identification:_identify(/home/abdur-rahman/ros2_ws2/src/my_robot_description) by extension 'ros'
[0.182s] DEBUG:colcon.colcon_core.package_identification:Package '/home/abdur-rahman/ros2_ws2/src/my_robot_description' with type 'ros.ament_cmake' and name 'my_robot_description'
[0.182s] Level 1:colcon.colcon_core.package_discovery:discover_packages(recursive) using defaults
