[0.014s] Invoking command in '/home/abdur-rahman/ros2_ws2/build/my_robot_bringup': CMAKE_PREFIX_PATH=${CMAKE_PREFIX_PATH}:/home/abdur-rahman/ros2_ws/install/turtlesim_catch_them_all:/home/abdur-rahman/ros2_ws/install/my_py_pkg:/opt/ros/jazzy DEBUGINFOD_URLS=https://debuginfod.ubuntu.com /usr/bin/cmake --build /home/abdur-rahman/ros2_ws2/build/my_robot_bringup -- -j8 -l8
[0.040s] -- Found ament_cmake: 2.5.3 (/opt/ros/jazzy/share/ament_cmake/cmake)
[0.413s] -- Configuring done (0.4s)
[0.415s] -- Generating done (0.0s)
[0.417s] -- Build files have been written to: /home/abdur-rahman/ros2_ws2/build/my_robot_bringup
[0.443s] Invoked command in '/home/abdur-rahman/ros2_ws2/build/my_robot_bringup' returned '0': CMAKE_PREFIX_PATH=${CMAKE_PREFIX_PATH}:/home/abdur-rahman/ros2_ws/install/turtlesim_catch_them_all:/home/abdur-rahman/ros2_ws/install/my_py_pkg:/opt/ros/jazzy DEBUGINFOD_URLS=https://debuginfod.ubuntu.com /usr/bin/cmake --build /home/abdur-rahman/ros2_ws2/build/my_robot_bringup -- -j8 -l8
[0.444s] Invoking command in '/home/abdur-rahman/ros2_ws2/build/my_robot_bringup': CMAKE_PREFIX_PATH=${CMAKE_PREFIX_PATH}:/home/abdur-rahman/ros2_ws/install/turtlesim_catch_them_all:/home/abdur-rahman/ros2_ws/install/my_py_pkg:/opt/ros/jazzy DEBUGINFOD_URLS=https://debuginfod.ubuntu.com /usr/bin/cmake --install /home/abdur-rahman/ros2_ws2/build/my_robot_bringup
[0.460s] -- Install configuration: ""
[0.460s] -- Up-to-date: /home/abdur-rahman/ros2_ws2/install/my_robot_bringup/share/my_robot_bringup//launch
[0.460s] -- Installing: /home/abdur-rahman/ros2_ws2/install/my_robot_bringup/share/my_robot_bringup//launch/my_robot_gazebo.launch.xml
[0.460s] -- Installing: /home/abdur-rahman/ros2_ws2/install/my_robot_bringup/share/my_robot_bringup//config
[0.461s] -- Installing: /home/abdur-rahman/ros2_ws2/install/my_robot_bringup/share/my_robot_bringup//config/gazebo_bridge.yaml
[0.461s] -- Installing: /home/abdur-rahman/ros2_ws2/install/my_robot_bringup/share/ament_index/resource_index/package_run_dependencies/my_robot_bringup
[0.461s] -- Up-to-date: /home/abdur-rahman/ros2_ws2/install/my_robot_bringup/share/ament_index/resource_index/parent_prefix_path/my_robot_bringup
[0.461s] -- Up-to-date: /home/abdur-rahman/ros2_ws2/install/my_robot_bringup/share/my_robot_bringup/environment/ament_prefix_path.sh
[0.461s] -- Up-to-date: /home/abdur-rahman/ros2_ws2/install/my_robot_bringup/share/my_robot_bringup/environment/ament_prefix_path.dsv
[0.462s] -- Up-to-date: /home/abdur-rahman/ros2_ws2/install/my_robot_bringup/share/my_robot_bringup/environment/path.sh
[0.462s] -- Up-to-date: /home/abdur-rahman/ros2_ws2/install/my_robot_bringup/share/my_robot_bringup/environment/path.dsv
[0.462s] -- Up-to-date: /home/abdur-rahman/ros2_ws2/install/my_robot_bringup/share/my_robot_bringup/local_setup.bash
[0.462s] -- Up-to-date: /home/abdur-rahman/ros2_ws2/install/my_robot_bringup/share/my_robot_bringup/local_setup.sh
[0.462s] -- Up-to-date: /home/abdur-rahman/ros2_ws2/install/my_robot_bringup/share/my_robot_bringup/local_setup.zsh
[0.463s] -- Up-to-date: /home/abdur-rahman/ros2_ws2/install/my_robot_bringup/share/my_robot_bringup/local_setup.dsv
[0.463s] -- Installing: /home/abdur-rahman/ros2_ws2/install/my_robot_bringup/share/my_robot_bringup/package.dsv
[0.463s] -- Up-to-date: /home/abdur-rahman/ros2_ws2/install/my_robot_bringup/share/ament_index/resource_index/packages/my_robot_bringup
[0.463s] -- Up-to-date: /home/abdur-rahman/ros2_ws2/install/my_robot_bringup/share/my_robot_bringup/cmake/my_robot_bringupConfig.cmake
[0.463s] -- Up-to-date: /home/abdur-rahman/ros2_ws2/install/my_robot_bringup/share/my_robot_bringup/cmake/my_robot_bringupConfig-version.cmake
[0.464s] -- Installing: /home/abdur-rahman/ros2_ws2/install/my_robot_bringup/share/my_robot_bringup/package.xml
[0.467s] Invoked command in '/home/abdur-rahman/ros2_ws2/build/my_robot_bringup' returned '0': CMAKE_PREFIX_PATH=${CMAKE_PREFIX_PATH}:/home/abdur-rahman/ros2_ws/install/turtlesim_catch_them_all:/home/abdur-rahman/ros2_ws/install/my_py_pkg:/opt/ros/jazzy DEBUGINFOD_URLS=https://debuginfod.ubuntu.com /usr/bin/cmake --install /home/abdur-rahman/ros2_ws2/build/my_robot_bringup
